<?xml version="1.0" encoding="UTF-8" ?>
<testsuite failures="0" time="0.191" errors="0" skipped="0" tests="20" name="com.xebia.xke.algo.minimax.player.medium.StateConnectFourV1Test">
  <properties>
    <property name="java.runtime.name" value="Java(TM) SE Runtime Environment"/>
    <property name="sun.boot.library.path" value="/usr/lib/jvm/java-6-sun-1.6.0.22/jre/lib/i386"/>
    <property name="java.vm.version" value="17.1-b03"/>
    <property name="java.vm.vendor" value="Sun Microsystems Inc."/>
    <property name="java.vendor.url" value="http://java.sun.com/"/>
    <property name="path.separator" value=":"/>
    <property name="java.vm.name" value="Java HotSpot(TM) Server VM"/>
    <property name="file.encoding.pkg" value="sun.io"/>
    <property name="user.country" value="US"/>
    <property name="sun.java.launcher" value="SUN_STANDARD"/>
    <property name="sun.os.patch.level" value="unknown"/>
    <property name="java.vm.specification.name" value="Java Virtual Machine Specification"/>
    <property name="user.dir" value="/home/mrenou/xke/ia/game/players/player-easy"/>
    <property name="java.runtime.version" value="1.6.0_22-b04"/>
    <property name="java.awt.graphicsenv" value="sun.awt.X11GraphicsEnvironment"/>
    <property name="basedir" value="/home/mrenou/xke/ia/game/players/player-easy"/>
    <property name="java.endorsed.dirs" value="/usr/lib/jvm/java-6-sun-1.6.0.22/jre/lib/endorsed"/>
    <property name="os.arch" value="i386"/>
    <property name="surefire.real.class.path" value="/tmp/surefirebooter6194029260281473718.jar"/>
    <property name="java.io.tmpdir" value="/tmp"/>
    <property name="line.separator" value="
"/>
    <property name="java.vm.specification.vendor" value="Sun Microsystems Inc."/>
    <property name="os.name" value="Linux"/>
    <property name="sun.jnu.encoding" value="UTF-8"/>
    <property name="java.library.path" value="/usr/lib/jvm/java-6-sun-1.6.0.22/jre/lib/i386/server:/usr/lib/jvm/java-6-sun-1.6.0.22/jre/lib/i386:/usr/lib/jvm/java-6-sun-1.6.0.22/jre/../lib/i386:/usr/java/packages/lib/i386:/lib:/usr/lib"/>
    <property name="surefire.test.class.path" value="/home/mrenou/xke/ia/game/players/player-easy/target/test-classes:/home/mrenou/xke/ia/game/players/player-easy/target/classes:/home/mrenou/xke/ia/game/minimax-tools/target/minimax-tools-1.0-SNAPSHOT.jar:/home/mrenou/xke/ia/game/connect4/target/connect4-1.0-SNAPSHOT.jar:/home/mrenou/.m2/repository/junit/junit/4.8.1/junit-4.8.1.jar:/home/mrenou/.m2/repository/org/mockito/mockito-all/1.8.5/mockito-all-1.8.5.jar:/home/mrenou/.m2/repository/org/easytesting/fest-assert/1.3/fest-assert-1.3.jar:/home/mrenou/.m2/repository/org/easytesting/fest-util/1.1.4/fest-util-1.1.4.jar:/home/mrenou/.m2/repository/org/powermock/powermock-module-junit4/1.4.7/powermock-module-junit4-1.4.7.jar:/home/mrenou/.m2/repository/org/powermock/powermock-module-junit4-common/1.4.7/powermock-module-junit4-common-1.4.7.jar:/home/mrenou/.m2/repository/org/powermock/powermock-core/1.4.7/powermock-core-1.4.7.jar:/home/mrenou/.m2/repository/org/javassist/javassist/3.14.0-GA/javassist-3.14.0-GA.jar:/home/mrenou/.m2/repository/org/powermock/powermock-reflect/1.4.7/powermock-reflect-1.4.7.jar:/home/mrenou/.m2/repository/org/objenesis/objenesis/1.2/objenesis-1.2.jar:/home/mrenou/.m2/repository/org/powermock/powermock-module-test-mockito-junit4/1.4.7/powermock-module-test-mockito-junit4-1.4.7.jar:/home/mrenou/.m2/repository/org/powermock/powermock-api-mockito/1.4.7/powermock-api-mockito-1.4.7.jar:/home/mrenou/.m2/repository/org/powermock/powermock-api-support/1.4.7/powermock-api-support-1.4.7.jar:"/>
    <property name="java.specification.name" value="Java Platform API Specification"/>
    <property name="java.class.version" value="50.0"/>
    <property name="sun.management.compiler" value="HotSpot Tiered Compilers"/>
    <property name="os.version" value="2.6.32-28-generic"/>
    <property name="user.home" value="/home/mrenou"/>
    <property name="user.timezone" value=""/>
    <property name="java.awt.printerjob" value="sun.print.PSPrinterJob"/>
    <property name="file.encoding" value="UTF-8"/>
    <property name="java.specification.version" value="1.6"/>
    <property name="user.name" value="mrenou"/>
    <property name="java.class.path" value="/home/mrenou/xke/ia/game/players/player-easy/target/test-classes:/home/mrenou/xke/ia/game/players/player-easy/target/classes:/home/mrenou/xke/ia/game/minimax-tools/target/minimax-tools-1.0-SNAPSHOT.jar:/home/mrenou/xke/ia/game/connect4/target/connect4-1.0-SNAPSHOT.jar:/home/mrenou/.m2/repository/junit/junit/4.8.1/junit-4.8.1.jar:/home/mrenou/.m2/repository/org/mockito/mockito-all/1.8.5/mockito-all-1.8.5.jar:/home/mrenou/.m2/repository/org/easytesting/fest-assert/1.3/fest-assert-1.3.jar:/home/mrenou/.m2/repository/org/easytesting/fest-util/1.1.4/fest-util-1.1.4.jar:/home/mrenou/.m2/repository/org/powermock/powermock-module-junit4/1.4.7/powermock-module-junit4-1.4.7.jar:/home/mrenou/.m2/repository/org/powermock/powermock-module-junit4-common/1.4.7/powermock-module-junit4-common-1.4.7.jar:/home/mrenou/.m2/repository/org/powermock/powermock-core/1.4.7/powermock-core-1.4.7.jar:/home/mrenou/.m2/repository/org/javassist/javassist/3.14.0-GA/javassist-3.14.0-GA.jar:/home/mrenou/.m2/repository/org/powermock/powermock-reflect/1.4.7/powermock-reflect-1.4.7.jar:/home/mrenou/.m2/repository/org/objenesis/objenesis/1.2/objenesis-1.2.jar:/home/mrenou/.m2/repository/org/powermock/powermock-module-test-mockito-junit4/1.4.7/powermock-module-test-mockito-junit4-1.4.7.jar:/home/mrenou/.m2/repository/org/powermock/powermock-api-mockito/1.4.7/powermock-api-mockito-1.4.7.jar:/home/mrenou/.m2/repository/org/powermock/powermock-api-support/1.4.7/powermock-api-support-1.4.7.jar:"/>
    <property name="java.vm.specification.version" value="1.0"/>
    <property name="sun.arch.data.model" value="32"/>
    <property name="java.home" value="/usr/lib/jvm/java-6-sun-1.6.0.22/jre"/>
    <property name="java.specification.vendor" value="Sun Microsystems Inc."/>
    <property name="user.language" value="en"/>
    <property name="java.vm.info" value="mixed mode"/>
    <property name="java.version" value="1.6.0_22"/>
    <property name="java.ext.dirs" value="/usr/lib/jvm/java-6-sun-1.6.0.22/jre/lib/ext:/usr/java/packages/lib/ext"/>
    <property name="sun.boot.class.path" value="/usr/lib/jvm/java-6-sun-1.6.0.22/jre/lib/resources.jar:/usr/lib/jvm/java-6-sun-1.6.0.22/jre/lib/rt.jar:/usr/lib/jvm/java-6-sun-1.6.0.22/jre/lib/sunrsasign.jar:/usr/lib/jvm/java-6-sun-1.6.0.22/jre/lib/jsse.jar:/usr/lib/jvm/java-6-sun-1.6.0.22/jre/lib/jce.jar:/usr/lib/jvm/java-6-sun-1.6.0.22/jre/lib/charsets.jar:/usr/lib/jvm/java-6-sun-1.6.0.22/jre/classes"/>
    <property name="java.vendor" value="Sun Microsystems Inc."/>
    <property name="localRepository" value="/home/mrenou/.m2/repository"/>
    <property name="file.separator" value="/"/>
    <property name="java.vendor.url.bug" value="http://java.sun.com/cgi-bin/bugreport.cgi"/>
    <property name="sun.cpu.endian" value="little"/>
    <property name="sun.io.unicode.encoding" value="UnicodeLittle"/>
    <property name="sun.desktop" value="gnome"/>
    <property name="sun.cpu.isalist" value=""/>
  </properties>
  <testcase time="0.036" classname="com.xebia.xke.algo.minimax.player.medium.StateConnectFourV1Test" name="when_vertical_line_of_1_red_should_return_1"/>
  <testcase time="0.003" classname="com.xebia.xke.algo.minimax.player.medium.StateConnectFourV1Test" name="when_verticale_line_of_2_red_should_return_2"/>
  <testcase time="0" classname="com.xebia.xke.algo.minimax.player.medium.StateConnectFourV1Test" name="when_vertical_line_of_3_red_should_return_3"/>
  <testcase time="0" classname="com.xebia.xke.algo.minimax.player.medium.StateConnectFourV1Test" name="when_vertical_line_of_4_red_should_return_9999"/>
  <testcase time="0.001" classname="com.xebia.xke.algo.minimax.player.medium.StateConnectFourV1Test" name="when_horizontal_line_of_1_red_should_return_1"/>
  <testcase time="0.001" classname="com.xebia.xke.algo.minimax.player.medium.StateConnectFourV1Test" name="when_horizontale_line_of_2_red_should_return_2"/>
  <testcase time="0" classname="com.xebia.xke.algo.minimax.player.medium.StateConnectFourV1Test" name="when_horizontal_line_of_3_red_should_return_3"/>
  <testcase time="0" classname="com.xebia.xke.algo.minimax.player.medium.StateConnectFourV1Test" name="when_horizontal_line_of_4_red_should_return_9999"/>
  <testcase time="0.001" classname="com.xebia.xke.algo.minimax.player.medium.StateConnectFourV1Test" name="when_ascending_diag_line_of_1_red_should_return_1"/>
  <testcase time="0.001" classname="com.xebia.xke.algo.minimax.player.medium.StateConnectFourV1Test" name="when_ascending_diag_line_of_2_red_should_return_2"/>
  <testcase time="0" classname="com.xebia.xke.algo.minimax.player.medium.StateConnectFourV1Test" name="when_ascending_diag_line_of_3_red_should_return_3"/>
  <testcase time="0" classname="com.xebia.xke.algo.minimax.player.medium.StateConnectFourV1Test" name="when_ascending_diag_line_of_4_red_should_return_9999"/>
  <testcase time="0" classname="com.xebia.xke.algo.minimax.player.medium.StateConnectFourV1Test" name="when_descending_diag_line_of_1_red_should_return_1"/>
  <testcase time="0.002" classname="com.xebia.xke.algo.minimax.player.medium.StateConnectFourV1Test" name="when_descending_diag_line_of_2_red_should_return_2"/>
  <testcase time="0.001" classname="com.xebia.xke.algo.minimax.player.medium.StateConnectFourV1Test" name="when_descending_diag_line_of_3_red_should_return_3"/>
  <testcase time="0.001" classname="com.xebia.xke.algo.minimax.player.medium.StateConnectFourV1Test" name="when_descending_diag_line_of_4_red_should_return_9999"/>
  <testcase time="0" classname="com.xebia.xke.algo.minimax.player.medium.StateConnectFourV1Test" name="when_1_red_1_yellow_should_return_0"/>
  <testcase time="0.001" classname="com.xebia.xke.algo.minimax.player.medium.StateConnectFourV1Test" name="when_column_full_with_colors_alternated_should_return_0"/>
  <testcase time="0.001" classname="com.xebia.xke.algo.minimax.player.medium.StateConnectFourV1Test" name="when_line_full_with_colors_alternated_should_return_1"/>
  <testcase time="0" classname="com.xebia.xke.algo.minimax.player.medium.StateConnectFourV1Test" name="when_2_red_1_yellow_should_return_0"/>
</testsuite>